[PREINITIALIZATION][CLIENT][INFO] Current loaders after merging: [[preinit]]
[PREINITIALIZATION][CLIENT][INFO] Loading scripts for loader with names [preinit]
[PREINITIALIZATION][CLIENT][INFO] [preinit | SIDE_CLIENT]: Skipping file {[0:crafttweaker]: Armor.zs} as we are currently loading with a different loader
[PREINITIALIZATION][CLIENT][INFO] [preinit | SIDE_CLIENT]: Skipping file {[0:crafttweaker]: ArmoreableMobs.zs} as we are currently loading with a different loader
[PREINITIALIZATION][CLIENT][INFO] [preinit | SIDE_CLIENT]: Skipping file {[0:crafttweaker]: Gear.zs} as we are currently loading with a different loader
[PREINITIALIZATION][CLIENT][INFO] [preinit | SIDE_CLIENT]: Skipping file {[0:crafttweaker]: LootTableTweaker.zs} as we are currently loading with a different loader
[PREINITIALIZATION][CLIENT][INFO] [preinit | SIDE_CLIENT]: Skipping file {[0:crafttweaker]: MineTweakerRecipeMaker.zs} as we are currently loading with a different loader
[PREINITIALIZATION][CLIENT][INFO] [preinit | SIDE_CLIENT]: Skipping file {[0:crafttweaker]: MorphOTool.zs} as we are currently loading with a different loader
[PREINITIALIZATION][CLIENT][INFO] [preinit | SIDE_CLIENT]: Skipping file {[0:crafttweaker]: TinkersConstruct.zs} as we are currently loading with a different loader
[PREINITIALIZATION][CLIENT][INFO] [preinit | SIDE_CLIENT]: Skipping file {[0:crafttweaker]: Tools.zs} as we are currently loading with a different loader
[PREINITIALIZATION][CLIENT][INFO] Completed script loading in: 2ms
[PREINITIALIZATION][CLIENT][INFO] Current loaders after merging: [[preinit], [gregtech]]
[PREINITIALIZATION][CLIENT][INFO] Loading scripts for loader with names [gregtech]
[PREINITIALIZATION][CLIENT][INFO] [gregtech | SIDE_CLIENT]: Skipping file {[0:crafttweaker]: Armor.zs} as we are currently loading with a different loader
[PREINITIALIZATION][CLIENT][INFO] [gregtech | SIDE_CLIENT]: Skipping file {[0:crafttweaker]: ArmoreableMobs.zs} as we are currently loading with a different loader
[PREINITIALIZATION][CLIENT][INFO] [gregtech | SIDE_CLIENT]: Skipping file {[0:crafttweaker]: Gear.zs} as we are currently loading with a different loader
[PREINITIALIZATION][CLIENT][INFO] [gregtech | SIDE_CLIENT]: Skipping file {[0:crafttweaker]: LootTableTweaker.zs} as we are currently loading with a different loader
[PREINITIALIZATION][CLIENT][INFO] [gregtech | SIDE_CLIENT]: Skipping file {[0:crafttweaker]: MineTweakerRecipeMaker.zs} as we are currently loading with a different loader
[PREINITIALIZATION][CLIENT][INFO] [gregtech | SIDE_CLIENT]: Skipping file {[0:crafttweaker]: MorphOTool.zs} as we are currently loading with a different loader
[PREINITIALIZATION][CLIENT][INFO] [gregtech | SIDE_CLIENT]: Skipping file {[0:crafttweaker]: TinkersConstruct.zs} as we are currently loading with a different loader
[PREINITIALIZATION][CLIENT][INFO] [gregtech | SIDE_CLIENT]: Skipping file {[0:crafttweaker]: Tools.zs} as we are currently loading with a different loader
[PREINITIALIZATION][CLIENT][INFO] Completed script loading in: 0ms
[INITIALIZATION][CLIENT][INFO] CraftTweaker: Building registry
[INITIALIZATION][CLIENT][INFO] CraftTweaker: Successfully built item registry
[INITIALIZATION][CLIENT][INFO] Current loaders after merging: [[preinit], [gregtech], [recipeevent | crafttweaker]]
[INITIALIZATION][CLIENT][INFO] Loading scripts for loader with names [crafttweaker | recipeevent]
[INITIALIZATION][CLIENT][INFO] [crafttweaker | SIDE_CLIENT]: Loading Script: {[0:crafttweaker]: Armor.zs}
[INITIALIZATION][CLIENT][INFO] --- loading Armor.zs ---
[INITIALIZATION][CLIENT][INFO] Adding a Combination Crafting recipe for Wyvern Helm
[INITIALIZATION][CLIENT][INFO] Adding a Combination Crafting recipe for Wyvern Chestplate
[INITIALIZATION][CLIENT][INFO] Adding a Combination Crafting recipe for Wyvern Leggings
[INITIALIZATION][CLIENT][INFO] Adding a Combination Crafting recipe for Wyvern Boots
[INITIALIZATION][CLIENT][INFO] Adding a Combination Crafting recipe for Draconic Helm
[INITIALIZATION][CLIENT][INFO] Adding a Combination Crafting recipe for Draconic Chestplate
[INITIALIZATION][CLIENT][INFO] Adding a Combination Crafting recipe for Draconic Leggings
[INITIALIZATION][CLIENT][INFO] Adding a Combination Crafting recipe for Draconic Boots
[INITIALIZATION][CLIENT][INFO] --- Armor.zs initialized ---
[INITIALIZATION][CLIENT][INFO] [crafttweaker | SIDE_CLIENT]: Loading Script: {[0:crafttweaker]: ArmoreableMobs.zs}
[INITIALIZATION][CLIENT][INFO] --- loading ArmoreableMobs.zs ---
[INITIALIZATION][CLIENT][INFO] --- ArmoreableMobs.zs initialized ---
[INITIALIZATION][CLIENT][INFO] [crafttweaker | SIDE_CLIENT]: Loading Script: {[0:crafttweaker]: Gear.zs}
[INITIALIZATION][CLIENT][INFO] --- loading Gear.zs ---
[INITIALIZATION][CLIENT][INFO] --- Gear.zs initialized ---
[INITIALIZATION][CLIENT][INFO] [crafttweaker | SIDE_CLIENT]: Loading Script: {[0:crafttweaker]: LootTableTweaker.zs}
[INITIALIZATION][CLIENT][INFO] Added loot removal for Global Item: actuallyadditions:block_misc:4
[INITIALIZATION][CLIENT][INFO] Added loot removal for Global Item: forestry:broken_bronze_shovel
[INITIALIZATION][CLIENT][INFO] Added loot removal for Global Item: forestry:broken_bronze_pickaxe
[INITIALIZATION][CLIENT][INFO] Added loot removal for Global Item: forestry:kit_pickaxe
[INITIALIZATION][CLIENT][INFO] Added loot removal for Global Item: forestry:kit_shovel
[INITIALIZATION][CLIENT][INFO] Added loot removal for Global Item: ic2:ingot:2
[INITIALIZATION][CLIENT][INFO] Added loot removal for Global Item: ic2:ingot:6
[INITIALIZATION][CLIENT][INFO] Added loot removal for Global Item: ic2:bronze_pickaxe
[INITIALIZATION][CLIENT][INFO] Added loot removal for Global Item: ic2:filled_tin_can
[INITIALIZATION][CLIENT][INFO] Added loot removal for Global Item: minecraft:iron_ingot
[INITIALIZATION][CLIENT][INFO] Added loot removal for Global Item: minecraft:gold_ingot
[INITIALIZATION][CLIENT][INFO] Added loot removal for Global Item: minecraft:iron_pickaxe
[INITIALIZATION][CLIENT][INFO] Added loot removal for Global Item: minecraft:iron_sword
[INITIALIZATION][CLIENT][INFO] Added loot removal for Global Item: minecraft:milk_bucket
[INITIALIZATION][CLIENT][INFO] Added loot removal for Global Item: minecraft:obsidian
[INITIALIZATION][CLIENT][INFO] Added loot removal for Global Item: minecraft:water_bucket
[INITIALIZATION][CLIENT][INFO] Added loot removal for Global Item: randomthings:spectrecoil_number
[INITIALIZATION][CLIENT][INFO] Added loot removal for Global Item: twilightforest:uncrafting_table
[INITIALIZATION][CLIENT][INFO] [crafttweaker | SIDE_CLIENT]: Loading Script: {[0:crafttweaker]: MineTweakerRecipeMaker.zs}
[INITIALIZATION][CLIENT][INFO] [crafttweaker | SIDE_CLIENT]: Loading Script: {[0:crafttweaker]: MorphOTool.zs}
[INITIALIZATION][CLIENT][INFO] --- loading MorphOTool.zs ---
[INITIALIZATION][CLIENT][INFO] --- MorphOTool.zs initialized ---
[INITIALIZATION][CLIENT][INFO] [crafttweaker | SIDE_CLIENT]: Loading Script: {[0:crafttweaker]: TinkersConstruct.zs}
[INITIALIZATION][CLIENT][ERROR] TinkersConstruct.zs:95: Could not resolve <bigreactors : blockmetals : 2>
[INITIALIZATION][CLIENT][INFO] --- loading TinkersConstruct.zs ---
[INITIALIZATION][CLIENT][INFO] Altering Casting Recipe(s) for <chisel:blockcobalt>
[INITIALIZATION][CLIENT][INFO] Altering Alloy Recipe(s) for <liquid:alumite>
[INITIALIZATION][CLIENT][INFO] Altering Alloy Recipe(s) for <liquid:osmiridium>
[INITIALIZATION][CLIENT][INFO] Altering Alloy Recipe(s) for <liquid:bronze>
[INITIALIZATION][CLIENT][INFO] Altering Alloy Recipe(s) for <liquid:alubrass>
[INITIALIZATION][CLIENT][INFO] Adding Metal Press Recipe for Demonic Large Plate
[INITIALIZATION][CLIENT][INFO] Adding Metal Press Recipe for Lead Large Plate
[INITIALIZATION][CLIENT][INFO] Adding Metal Press Recipe for Iron Large Plate
[INITIALIZATION][CLIENT][INFO] Adding Metal Press Recipe for Electrum Large Plate
[INITIALIZATION][CLIENT][INFO] Adding Metal Press Recipe for Flint Large Plate
[INITIALIZATION][CLIENT][INFO] Adding Metal Press Recipe for Ardite Tool Rod
[INITIALIZATION][CLIENT][INFO] Altering Melting Recipe(s) for <liquid:signalum>
[INITIALIZATION][CLIENT][INFO] Altering Melting Recipe(s) for <liquid:lumium>
[INITIALIZATION][CLIENT][INFO] Altering Melting Recipe(s) for <liquid:enderium>
[INITIALIZATION][CLIENT][INFO] Altering Melting Recipe(s) for <liquid:refinedobsidian>
[INITIALIZATION][CLIENT][INFO] Altering Melting Recipe(s) for <liquid:glowstone>
[INITIALIZATION][CLIENT][INFO] Altering Melting Recipe(s) for <liquid:glowstone>
[INITIALIZATION][CLIENT][INFO] Altering Melting Recipe(s) for <liquid:glowstone>
[INITIALIZATION][CLIENT][INFO] Altering Melting Recipe(s) for <liquid:glowstone>
[INITIALIZATION][CLIENT][INFO] Altering Melting Recipe(s) for <liquid:glowstone>
[INITIALIZATION][CLIENT][INFO] Altering Melting Recipe(s) for <liquid:glowstone>
[INITIALIZATION][CLIENT][INFO] Altering Melting Recipe(s) for <liquid:glowstone>
[INITIALIZATION][CLIENT][INFO] Altering Melting Recipe(s) for <liquid:glowstone>
[INITIALIZATION][CLIENT][INFO] Altering Melting Recipe(s) for <liquid:glowstone>
[INITIALIZATION][CLIENT][INFO] Altering Melting Recipe(s) for <liquid:glowstone>
[INITIALIZATION][CLIENT][INFO] Altering Melting Recipe(s) for <liquid:glowstone>
[INITIALIZATION][CLIENT][INFO] Altering Melting Recipe(s) for <liquid:glowstone>
[INITIALIZATION][CLIENT][INFO] Altering Melting Recipe(s) for <liquid:glowstone>
[INITIALIZATION][CLIENT][INFO] Altering Melting Recipe(s) for <liquid:glowstone>
[INITIALIZATION][CLIENT][INFO] Altering Melting Recipe(s) for <liquid:glowstone>
[INITIALIZATION][CLIENT][INFO] Altering Melting Recipe(s) for <liquid:glowstone>
[INITIALIZATION][CLIENT][INFO] Altering Melting Recipe(s) for <liquid:glowstone>
[INITIALIZATION][CLIENT][INFO] Altering Melting Recipe(s) for <liquid:glowstone>
[INITIALIZATION][CLIENT][INFO] Altering Melting Recipe(s) for <liquid:glowstone>
[INITIALIZATION][CLIENT][INFO] Altering Melting Recipe(s) for <liquid:glowstone>
[INITIALIZATION][CLIENT][INFO] Altering Melting Recipe(s) for <liquid:glowstone>
[INITIALIZATION][CLIENT][INFO] Altering Melting Recipe(s) for <liquid:glowstone>
[INITIALIZATION][CLIENT][INFO] Altering Melting Recipe(s) for <liquid:glowstone>
[INITIALIZATION][CLIENT][INFO] Altering Melting Recipe(s) for <liquid:glowstone>
[INITIALIZATION][CLIENT][INFO] Altering Melting Recipe(s) for <liquid:glowstone>
[INITIALIZATION][CLIENT][INFO] Altering Melting Recipe(s) for <liquid:glowstone>
[INITIALIZATION][CLIENT][INFO] Altering Melting Recipe(s) for <liquid:glowstone>
[INITIALIZATION][CLIENT][INFO] Altering Melting Recipe(s) for <liquid:glowstone>
[INITIALIZATION][CLIENT][INFO] Altering Melting Recipe(s) for <liquid:glowstone>
[INITIALIZATION][CLIENT][INFO] Altering Melting Recipe(s) for <liquid:glowstone>
[INITIALIZATION][CLIENT][INFO] Altering Melting Recipe(s) for <liquid:glowstone>
[INITIALIZATION][CLIENT][INFO] Altering Melting Recipe(s) for <liquid:glowstone>
[INITIALIZATION][CLIENT][INFO] Altering Melting Recipe(s) for <liquid:coal>
[INITIALIZATION][CLIENT][INFO] Altering Melting Recipe(s) for <liquid:coal>
[INITIALIZATION][CLIENT][INFO] Altering Melting Recipe(s) for <liquid:coal>
[INITIALIZATION][CLIENT][INFO] Altering Melting Recipe(s) for <liquid:coal>
[INITIALIZATION][CLIENT][INFO] Altering Melting Recipe(s) for <liquid:coal>
[INITIALIZATION][CLIENT][INFO] Altering Melting Recipe(s) for <liquid:coal>
[INITIALIZATION][CLIENT][INFO] Altering Melting Recipe(s) for <liquid:coal>
[INITIALIZATION][CLIENT][INFO] Altering Melting Recipe(s) for <liquid:ender>
[INITIALIZATION][CLIENT][INFO] Setting pyrotheum temperature to 5300
[INITIALIZATION][CLIENT][INFO] Setting xu_demonic_metal temperature to 4000
[INITIALIZATION][CLIENT][INFO] Setting sulfuricacid temperature to 4000
[INITIALIZATION][CLIENT][INFO] Setting refined_fuel temperature to 4100
[INITIALIZATION][CLIENT][INFO] Setting ic2uu_matter temperature to 9300
[INITIALIZATION][CLIENT][INFO] Setting ic2pahoehoe_lava temperature to 3800
[INITIALIZATION][CLIENT][INFO] Setting gasoline temperature to 3900
[INITIALIZATION][CLIENT][INFO] Setting diesel temperature to 3900
[INITIALIZATION][CLIENT][INFO] Setting astralsorcery.liquidstarlight temperature to 3900
[INITIALIZATION][CLIENT][INFO] Setting neutron temperature to 10300
[INITIALIZATION][CLIENT][INFO] Setting boric_acid temperature to 4000
[INITIALIZATION][CLIENT][INFO] Setting hydrofluoric_acid temperature to 4000
[INITIALIZATION][CLIENT][INFO] --- TinkersConstruct.zs initialized ---
[INITIALIZATION][CLIENT][INFO] [crafttweaker | SIDE_CLIENT]: Loading Script: {[0:crafttweaker]: Tools.zs}
[INITIALIZATION][CLIENT][INFO] --- loading Tools.zs ---
[INITIALIZATION][CLIENT][INFO] Setting max damage of  Golden Axe to 3
[INITIALIZATION][CLIENT][INFO] Setting max damage of  Golden Shovel to 3
[INITIALIZATION][CLIENT][INFO] Setting max damage of  Golden Hoe to 3
[INITIALIZATION][CLIENT][INFO] Setting max damage of  Golden Pickaxe to 3
[INITIALIZATION][CLIENT][INFO] Setting max damage of  Golden Sword to 3
[INITIALIZATION][CLIENT][INFO] Setting max damage of  Diamond Shovel to 3
[INITIALIZATION][CLIENT][INFO] Setting max damage of  Diamond Axe to 3
[INITIALIZATION][CLIENT][INFO] Setting max damage of  Diamond Pickaxe to 3
[INITIALIZATION][CLIENT][INFO] Setting max damage of  Diamond Hoe to 3
[INITIALIZATION][CLIENT][INFO] Setting max damage of  Iron Shovel to 3
[INITIALIZATION][CLIENT][INFO] Setting max damage of  Iron Axe to 3
[INITIALIZATION][CLIENT][INFO] Setting max damage of  Iron Pickaxe to 3
[INITIALIZATION][CLIENT][INFO] Setting max damage of  Iron Hoe to 3
[INITIALIZATION][CLIENT][INFO] Setting max damage of  Wooden Pickaxe to 3
[INITIALIZATION][CLIENT][INFO] Setting max damage of  Wooden Sword to 3
[INITIALIZATION][CLIENT][INFO] Setting max damage of  Wooden Hoe to 3
[INITIALIZATION][CLIENT][INFO] Setting max damage of  Wooden Shovel to 3
[INITIALIZATION][CLIENT][INFO] Setting max damage of  Wooden Axe to 3
[INITIALIZATION][CLIENT][INFO] Setting max damage of  Stone Pickaxe to 3
[INITIALIZATION][CLIENT][INFO] Setting max damage of  Stone Hoe to 3
[INITIALIZATION][CLIENT][INFO] Setting max damage of  Stone Axe to 3
[INITIALIZATION][CLIENT][INFO] Setting max damage of  Stone Shovel to 3
[INITIALIZATION][CLIENT][INFO] Setting max damage of  Stone Sword to 2
[INITIALIZATION][CLIENT][INFO] Setting max damage of  Iron Sword to 10
[INITIALIZATION][CLIENT][INFO] Setting max damage of  Diamond Sword to 20
[INITIALIZATION][CLIENT][INFO] --- Tools.zs initialized ---
[INITIALIZATION][CLIENT][INFO] Completed script loading in: 965ms
[POSTINITIALIZATION][CLIENT][INFO] Removing Shapeless recipes for <minecraft:rail> * 24
[POSTINITIALIZATION][CLIENT][INFO] Removing 0 Shapeless recipes.
[POSTINITIALIZATION][CLIENT][INFO] Removing Shaped recipes for <enderio:block_crafter>
[POSTINITIALIZATION][CLIENT][INFO] 0 removed
[POSTINITIALIZATION][CLIENT][INFO] Removing Shaped recipes for <minecraft:rail> * 24
[POSTINITIALIZATION][CLIENT][INFO] 1 removed
[POSTINITIALIZATION][CLIENT][INFO] Removing Shaped recipes for <minecraft:rail> * 24
[POSTINITIALIZATION][CLIENT][INFO] 0 removed
[POSTINITIALIZATION][CLIENT][INFO] Removing Shaped recipes for <minecraft:rail> * 24
[POSTINITIALIZATION][CLIENT][INFO] 0 removed
[POSTINITIALIZATION][CLIENT][INFO] Removing Shaped recipes for <minecraft:rail> * 24
[POSTINITIALIZATION][CLIENT][INFO] 0 removed
[POSTINITIALIZATION][CLIENT][INFO] Removing Shaped recipes for <minecraft:rail> * 24
[POSTINITIALIZATION][CLIENT][INFO] 0 removed
[POSTINITIALIZATION][CLIENT][INFO] Removing Shaped recipes for <minecraft:rail>
[POSTINITIALIZATION][CLIENT][ERROR] Error while applying actions
java.lang.IndexOutOfBoundsException: Index: 0, Size: 0
	at java.util.ArrayList.rangeCheck(Unknown Source)
	at java.util.ArrayList.get(Unknown Source)
	at net.minecraft.util.NonNullList.get(SourceFile:44)
	at crafttweaker.mc1120.recipes.MCRecipeManager$ActionRemoveShapedRecipes.apply(MCRecipeManager.java:479)
	at crafttweaker.runtime.CrTTweaker.apply(CrTTweaker.java:57)
	at crafttweaker.CraftTweakerAPI.apply(CraftTweakerAPI.java:146)
	at java.util.ArrayList.forEach(Unknown Source)
	at crafttweaker.mc1120.CraftTweaker.onPostInit(CraftTweaker.java:133)
	at sun.reflect.NativeMethodAccessorImpl.invoke0(Native Method)
	at sun.reflect.NativeMethodAccessorImpl.invoke(Unknown Source)
	at sun.reflect.DelegatingMethodAccessorImpl.invoke(Unknown Source)
	at java.lang.reflect.Method.invoke(Unknown Source)
	at net.minecraftforge.fml.common.FMLModContainer.handleModStateEvent(FMLModContainer.java:624)
	at sun.reflect.GeneratedMethodAccessor5.invoke(Unknown Source)
	at sun.reflect.DelegatingMethodAccessorImpl.invoke(Unknown Source)
	at java.lang.reflect.Method.invoke(Unknown Source)
	at com.google.common.eventbus.Subscriber.invokeSubscriberMethod(Subscriber.java:91)
	at com.google.common.eventbus.Subscriber$SynchronizedSubscriber.invokeSubscriberMethod(Subscriber.java:150)
	at com.google.common.eventbus.Subscriber$1.run(Subscriber.java:76)
	at com.google.common.util.concurrent.MoreExecutors$DirectExecutor.execute(MoreExecutors.java:399)
	at com.google.common.eventbus.Subscriber.dispatchEvent(Subscriber.java:71)
	at com.google.common.eventbus.Dispatcher$PerThreadQueuedDispatcher.dispatch(Dispatcher.java:116)
	at com.google.common.eventbus.EventBus.post(EventBus.java:217)
	at net.minecraftforge.fml.common.LoadController.sendEventToModContainer(LoadController.java:219)
	at net.minecraftforge.fml.common.LoadController.propogateStateMessage(LoadController.java:197)
	at sun.reflect.NativeMethodAccessorImpl.invoke0(Native Method)
	at sun.reflect.NativeMethodAccessorImpl.invoke(Unknown Source)
	at sun.reflect.DelegatingMethodAccessorImpl.invoke(Unknown Source)
	at java.lang.reflect.Method.invoke(Unknown Source)
	at com.google.common.eventbus.Subscriber.invokeSubscriberMethod(Subscriber.java:91)
	at com.google.common.eventbus.Subscriber$SynchronizedSubscriber.invokeSubscriberMethod(Subscriber.java:150)
	at com.google.common.eventbus.Subscriber$1.run(Subscriber.java:76)
	at com.google.common.util.concurrent.MoreExecutors$DirectExecutor.execute(MoreExecutors.java:399)
	at com.google.common.eventbus.Subscriber.dispatchEvent(Subscriber.java:71)
	at com.google.common.eventbus.Dispatcher$PerThreadQueuedDispatcher.dispatch(Dispatcher.java:116)
	at com.google.common.eventbus.EventBus.post(EventBus.java:217)
	at net.minecraftforge.fml.common.LoadController.distributeStateMessage(LoadController.java:136)
	at net.minecraftforge.fml.common.Loader.initializeMods(Loader.java:749)
	at net.minecraftforge.fml.client.FMLClientHandler.finishMinecraftLoading(FMLClientHandler.java:336)
	at net.minecraft.client.Minecraft.init(Minecraft.java:535)
	at net.minecraft.client.Minecraft.run(Minecraft.java:3931)
	at net.minecraft.client.main.Main.main(SourceFile:123)
	at sun.reflect.NativeMethodAccessorImpl.invoke0(Native Method)
	at sun.reflect.NativeMethodAccessorImpl.invoke(Unknown Source)
	at sun.reflect.DelegatingMethodAccessorImpl.invoke(Unknown Source)
	at java.lang.reflect.Method.invoke(Unknown Source)
	at net.minecraft.launchwrapper.Launch.launch(Launch.java:135)
	at net.minecraft.launchwrapper.Launch.main(Launch.java:28)
	at sun.reflect.NativeMethodAccessorImpl.invoke0(Native Method)
	at sun.reflect.NativeMethodAccessorImpl.invoke(Unknown Source)
	at sun.reflect.DelegatingMethodAccessorImpl.invoke(Unknown Source)
	at java.lang.reflect.Method.invoke(Unknown Source)
	at org.multimc.onesix.OneSixLauncher.launchWithMainClass(OneSixLauncher.java:310)
	at org.multimc.onesix.OneSixLauncher.launch(OneSixLauncher.java:394)
	at org.multimc.EntryPoint.listen(EntryPoint.java:170)
	at org.multimc.EntryPoint.main(EntryPoint.java:54)
[POSTINITIALIZATION][CLIENT][INFO] Applying MrCrayfish's Furniture Mod changes...
[AVAILABLE][CLIENT][INFO] Altering Casting Recipe(s) for <tconstruct:metal>
[AVAILABLE][CLIENT][INFO] Altering Melting Recipe(s) for <liquid:alubrass> * 144
[AVAILABLE][CLIENT][INFO] Altering Alloy Recipe(s) for <liquid:alumite> * 216
[AVAILABLE][CLIENT][INFO] Altering Alloy Recipe(s) for <liquid:alumite> * 432
[AVAILABLE][CLIENT][INFO] Altering Alloy Recipe(s) for <liquid:osmiridium> * 144
[AVAILABLE][CLIENT][INFO] Altering Alloy Recipe(s) for <liquid:bronze> * 288
[AVAILABLE][CLIENT][INFO] Altering Alloy Recipe(s) for <liquid:bronze> * 576
[AVAILABLE][CLIENT][INFO] Altering Alloy Recipe(s) for <liquid:alubrass> * 288
[AVAILABLE][CLIENT][INFO] Altering Alloy Recipe(s) for <liquid:alubrass> * 576
[AVAILABLE][CLIENT][INFO] Altering Casting Recipe(s) for <tconstruct:cast_custom:4>
[AVAILABLE][CLIENT][INFO] Altering Casting Recipe(s) for <tconstruct:cast_custom:4>
[AVAILABLE][CLIENT][INFO] Altering Casting Recipe(s) for <tconstruct:cast_custom:4>
[AVAILABLE][CLIENT][INFO] Altering Casting Recipe(s) for <tconstruct:cast_custom:4>
[AVAILABLE][CLIENT][INFO] Altering Casting Recipe(s) for <tconstruct:cast_custom:4>
[AVAILABLE][CLIENT][INFO] Altering Casting Recipe(s) for <tconstruct:cast_custom:4>
[AVAILABLE][CLIENT][INFO] Altering Casting Recipe(s) for <tconstruct:cast_custom:4>
[AVAILABLE][CLIENT][INFO] Altering Casting Recipe(s) for <tconstruct:cast_custom:4>
[AVAILABLE][CLIENT][INFO] Altering Casting Recipe(s) for <tconstruct:cast_custom:4>
[AVAILABLE][CLIENT][INFO] Altering Fuel Recipe(s) for <liquid:pyrotheum> * 25
[AVAILABLE][CLIENT][INFO] Altering Fuel Recipe(s) for <liquid:xu_demonic_metal> * 25
[AVAILABLE][CLIENT][INFO] Altering Fuel Recipe(s) for <liquid:sulfuricacid> * 25
[AVAILABLE][CLIENT][INFO] Altering Fuel Recipe(s) for <liquid:refined_fuel> * 25
[AVAILABLE][CLIENT][INFO] Altering Fuel Recipe(s) for <liquid:ic2uu_matter> * 25
[AVAILABLE][CLIENT][INFO] Altering Fuel Recipe(s) for <liquid:ic2pahoehoe_lava> * 25
[AVAILABLE][CLIENT][INFO] Altering Fuel Recipe(s) for <liquid:gasoline> * 25
[AVAILABLE][CLIENT][INFO] Altering Fuel Recipe(s) for <liquid:diesel> * 25
[AVAILABLE][CLIENT][INFO] Altering Fuel Recipe(s) for <liquid:astralsorcery.liquidstarlight> * 25
[AVAILABLE][CLIENT][INFO] Altering Fuel Recipe(s) for <liquid:neutron> * 25
[AVAILABLE][CLIENT][INFO] Altering Fuel Recipe(s) for <liquid:boric_acid> * 25
[AVAILABLE][CLIENT][INFO] Altering Fuel Recipe(s) for <liquid:hydrofluoric_acid> * 25
[AVAILABLE][CLIENT][INFO] Hiding item in JEI: <forestry:gear_tin>
[AVAILABLE][CLIENT][INFO] Hiding item in JEI: <forestry:gear_bronze>
[AVAILABLE][CLIENT][INFO] Hiding item in JEI: <forestry:gear_copper>
[AVAILABLE][CLIENT][INFO] Hiding item in JEI: <libvulpes:productgear:6>
[AVAILABLE][CLIENT][INFO] Hiding item in JEI: <appliedenergistics2:material:40>
[AVAILABLE][CLIENT][INFO] Hiding item in JEI: <tconstruct:rack>
[AVAILABLE][CLIENT][INFO] Hiding item in JEI: <tinker_io:fuel_input_machine>
[AVAILABLE][CLIENT][INFO] Hiding item in JEI: <tinker_io:what_a_beautiful_block>
[AVAILABLE][CLIENT][INFO] Hiding item in JEI: <tinker_io:ore_crusher>
[AVAILABLE][CLIENT][INFO] Hiding item in JEI: <tinker_io:stirling_engine>
[AVAILABLE][CLIENT][INFO] Hiding item in JEI: <tinker_io:speedupg>
[AVAILABLE][CLIENT][INFO] Hiding item in JEI: <tinker_io:solidfuel>
[AVAILABLE][CLIENT][INFO] Hiding item in JEI: <tinker_io:upg:6>
[AVAILABLE][CLIENT][INFO] Hiding item in JEI: <tinker_io:cd_lonesome_avenue>
[AVAILABLE][CLIENT][INFO] Hiding item in JEI: <tinker_io:crushed_ore>
[AVAILABLE][CLIENT][INFO] Hiding item in JEI: <botania:glasspick>
[AVAILABLE][CLIENT][INFO] Hiding item in JEI: <forestry:bronze_pickaxe>
[AVAILABLE][CLIENT][INFO] Hiding item in JEI: <mysticalagriculture:inferium_pickaxe>
[AVAILABLE][CLIENT][INFO] Hiding item in JEI: <mysticalagriculture:prudentium_pickaxe>
[AVAILABLE][CLIENT][INFO] Hiding item in JEI: <mysticalagriculture:intermedium_pickaxe>
[AVAILABLE][CLIENT][INFO] Hiding item in JEI: <mysticalagriculture:superium_pickaxe>
[AVAILABLE][CLIENT][INFO] Hiding item in JEI: <thermalfoundation:tool.pickaxe_copper>
[AVAILABLE][CLIENT][INFO] Hiding item in JEI: <thermalfoundation:tool.pickaxe_tin>
[AVAILABLE][CLIENT][INFO] Hiding item in JEI: <thermalfoundation:tool.pickaxe_silver>
[AVAILABLE][CLIENT][INFO] Hiding item in JEI: <thermalfoundation:tool.pickaxe_lead>
[AVAILABLE][CLIENT][INFO] Hiding item in JEI: <thermalfoundation:tool.pickaxe_aluminum>
[AVAILABLE][CLIENT][INFO] Hiding item in JEI: <thermalfoundation:tool.pickaxe_nickel>
[AVAILABLE][CLIENT][INFO] Hiding item in JEI: <thermalfoundation:tool.pickaxe_platinum>
[AVAILABLE][CLIENT][INFO] Hiding item in JEI: <thermalfoundation:tool.pickaxe_steel>
[AVAILABLE][CLIENT][INFO] Hiding item in JEI: <thermalfoundation:tool.pickaxe_electrum>
[AVAILABLE][CLIENT][INFO] Hiding item in JEI: <thermalfoundation:tool.pickaxe_invar>
[AVAILABLE][CLIENT][INFO] Hiding item in JEI: <thermalfoundation:tool.pickaxe_bronze>
[AVAILABLE][CLIENT][INFO] Hiding item in JEI: <thermalfoundation:tool.pickaxe_constantan>
[AVAILABLE][CLIENT][INFO] Hiding item in JEI: <immersiveengineering:pickaxe_steel>
[AVAILABLE][CLIENT][INFO] Hiding item in JEI: <immersiveengineering:shovel_steel>
[AVAILABLE][CLIENT][INFO] Hiding item in JEI: <immersiveengineering:axe_steel>
[AVAILABLE][CLIENT][INFO] Hiding item in JEI: <immersiveengineering:sword_steel>
[AVAILABLE][CLIENT][INFO] Hiding item in JEI: <twilightforest:fiery_pickaxe>
[AVAILABLE][CLIENT][INFO] Hiding item in JEI: <twilightforest:steeleaf_pickaxe>.withTag({ench: [{lvl: 2 as short, id: 35 as short}]})
[AVAILABLE][CLIENT][INFO] Hiding item in JEI: <twilightforest:ironwood_pickaxe>.withTag({ench: [{lvl: 1 as short, id: 32 as short}]})
[AVAILABLE][CLIENT][INFO] Hiding item in JEI: <mysticalagradditions:inferium_paxel>
[AVAILABLE][CLIENT][INFO] Hiding item in JEI: <mysticalagradditions:prudentium_paxel>
[AVAILABLE][CLIENT][INFO] Hiding item in JEI: <mysticalagradditions:intermedium_paxel>
[AVAILABLE][CLIENT][INFO] Hiding item in JEI: <mysticalagradditions:superium_paxel>
[AVAILABLE][CLIENT][INFO] Hiding item in JEI: <mysticalagradditions:supremium_paxel>
